Using pre-set license
Built from '2021.1/release' branch; Version is '2021.1.0f1 (61a549675243) revision 6399305'; Using compiler version '192528614'; Build Type 'Release'
OS: 'Windows 10 Enterprise; OS build 19043.1526; Version 2009; 64bit' Language: 'en' Physical Memory: 16332 MB
BatchMode: 1, IsHumanControllingUs: 0, StartBugReporterOnCrash: 0, Is64bit: 1, IsPro: 0

 COMMAND LINE ARGUMENTS:
D:\unity\2021.1.0f1\Editor\Unity.exe
-adb2
-batchMode
-noUpm
-name
AssetImportWorker0
-projectPath
C:/Users/Pedro/Sidescroller
-logFile
Logs/AssetImportWorker0.log
-srvPort
57586
Successfully changed project path to: C:/Users/Pedro/Sidescroller
C:/Users/Pedro/Sidescroller
Using Asset Import Pipeline V2.
Refreshing native plugins compatible for Editor in 103.14 ms, found 2 plugins.
Preloading 0 native plugins for Editor in 0.00 ms.
Initialize engine version: 2021.1.0f1 (61a549675243)
[Subsystems] Discovering subsystems at path D:/unity/2021.1.0f1/Editor/Data/Resources/UnitySubsystems
[Subsystems] Discovering subsystems at path C:/Users/Pedro/Sidescroller/Assets
GfxDevice: creating device client; threaded=0; jobified=0
Direct3D:
    Version:  Direct3D 11.0 [level 11.1]
    Renderer: Radeon RX 560 Series (ID=0x67ff)
    Vendor:   ATI
    VRAM:     4075 MB
    Driver:   30.0.14029.5006
Initialize mono
Mono path[0] = 'D:/unity/2021.1.0f1/Editor/Data/Managed'
Mono path[1] = 'D:/unity/2021.1.0f1/Editor/Data/MonoBleedingEdge/lib/mono/unityjit'
Mono config path = 'D:/unity/2021.1.0f1/Editor/Data/MonoBleedingEdge/etc'
Using monoOptions --debugger-agent=transport=dt_socket,embedding=1,server=y,suspend=n,address=127.0.0.1:56228
Begin MonoManager ReloadAssembly
Registering precompiled unity dll's ...
Register platform support module: D:/unity/2021.1.0f1/Editor/Data/PlaybackEngines/WindowsStandaloneSupport/UnityEditor.WindowsStandalone.Extensions.dll
Registered in 0.001327 seconds.
Native extension for WindowsStandalone target not found
Refreshing native plugins compatible for Editor in 106.03 ms, found 2 plugins.
Preloading 0 native plugins for Editor in 0.00 ms.
Mono: successfully reloaded assembly
- Completed reload, in  3.127 seconds
Platform modules already initialized, skipping
Registering precompiled user dll's ...
Registered in 0.004375 seconds.
Begin MonoManager ReloadAssembly
Native extension for WindowsStandalone target not found
Refreshing native plugins compatible for Editor in 105.83 ms, found 2 plugins.
Preloading 0 native plugins for Editor in 0.00 ms.
Mono: successfully reloaded assembly
- Completed reload, in  1.279 seconds
Platform modules already initialized, skipping
========================================================================
Worker process is ready to serve import requests
Launched and connected shader compiler UnityShaderCompiler.exe after 0.04 seconds
Refreshing native plugins compatible for Editor in 0.63 ms, found 2 plugins.
Preloading 0 native plugins for Editor in 0.00 ms.
Unloading 3365 Unused Serialized files (Serialized files now loaded: 0)
System memory in use before: 127.4 MB.
System memory in use after: 127.5 MB.

Unloading 29 unused Assets to reduce memory usage. Loaded Objects now: 3816.
Total: 2.779000 ms (FindLiveObjects: 0.277500 ms CreateObjectMapping: 0.087100 ms MarkObjects: 2.289900 ms  DeleteObjects: 0.122900 ms)

========================================================================
Received Import Request.
  path: Assets/Mega Bot Areas/Pixel Art/Pipes forest
  artifactKey: Guid(53a325bc16f774f44ab6b878bde539de) Importer(815301076,1909f56bfc062723c751e8b465ee728b)
Start importing Assets/Mega Bot Areas/Pixel Art/Pipes forest using Guid(53a325bc16f774f44ab6b878bde539de) Importer(815301076,1909f56bfc062723c751e8b465ee728b)  -> (artifact id: '9b128b8aab016676b136317017283372') in 0.011331 seconds 
========================================================================
Received Import Request.
  Time since last request: 0.000244 seconds.
  path: Assets/Mega Bot Areas
  artifactKey: Guid(46fd339aa0279324b97b48cc9981bd22) Importer(815301076,1909f56bfc062723c751e8b465ee728b)
Start importing Assets/Mega Bot Areas using Guid(46fd339aa0279324b97b48cc9981bd22) Importer(815301076,1909f56bfc062723c751e8b465ee728b)  -> (artifact id: '35de711f850e335d1fa153e97f31e283') in 0.006966 seconds 
========================================================================
Received Import Request.
  Time since last request: 0.000189 seconds.
  path: Assets/Mega Bot Areas/Pixel Art/Pipes forest/tileset.png
  artifactKey: Guid(7cccb3f961c324d2aaf93dbe197b1027) Importer(815301076,1909f56bfc062723c751e8b465ee728b)
Start importing Assets/Mega Bot Areas/Pixel Art/Pipes forest/tileset.png using Guid(7cccb3f961c324d2aaf93dbe197b1027) Importer(815301076,1909f56bfc062723c751e8b465ee728b)  -> (artifact id: '56f55c6d5ff77284905e1e294ab3e92e') in 0.199052 seconds 
========================================================================
Received Import Request.
  Time since last request: 0.000211 seconds.
  path: Assets/Mega Bot Areas/Pixel Art
  artifactKey: Guid(47212422e74004c038d19f7ef908e5c7) Importer(815301076,1909f56bfc062723c751e8b465ee728b)
Start importing Assets/Mega Bot Areas/Pixel Art using Guid(47212422e74004c038d19f7ef908e5c7) Importer(815301076,1909f56bfc062723c751e8b465ee728b)  -> (artifact id: '61014c95d5bffe94d174b02b7fb3b9f7') in 0.006459 seconds 
========================================================================
Received Import Request.
  Time since last request: 0.000184 seconds.
  path: Assets/Mega Bot Areas/Pixel Art/Pipes forest/background.png
  artifactKey: Guid(2049f89d97a16468b9b8bbdf4f8ce565) Importer(815301076,1909f56bfc062723c751e8b465ee728b)
Start importing Assets/Mega Bot Areas/Pixel Art/Pipes forest/background.png using Guid(2049f89d97a16468b9b8bbdf4f8ce565) Importer(815301076,1909f56bfc062723c751e8b465ee728b)  -> (artifact id: '1cb0b67ce24b8946e7bbbddd61f1d17c') in 0.016502 seconds 
========================================================================
Received Import Request.
  Time since last request: 3.664754 seconds.
  path: Assets/Mega Bot Areas/Pixel Art/Under Pipes Area
  artifactKey: Guid(f14933b8205a243098d53dcfa3e273a1) Importer(815301076,1909f56bfc062723c751e8b465ee728b)
Start importing Assets/Mega Bot Areas/Pixel Art/Under Pipes Area using Guid(f14933b8205a243098d53dcfa3e273a1) Importer(815301076,1909f56bfc062723c751e8b465ee728b)  -> (artifact id: '57cb87e3e55458ba57def909f3f2cb65') in 0.007080 seconds 
========================================================================
Received Import Request.
  Time since last request: 0.072063 seconds.
  path: Assets/Mega Bot Areas/Pixel Art/Under Pipes Area/background.png
  artifactKey: Guid(b1488284639c4427b92cc39782393fdc) Importer(815301076,1909f56bfc062723c751e8b465ee728b)
Start importing Assets/Mega Bot Areas/Pixel Art/Under Pipes Area/background.png using Guid(b1488284639c4427b92cc39782393fdc) Importer(815301076,1909f56bfc062723c751e8b465ee728b)  -> (artifact id: '98acd7f1c0950fb54203faefac6802f5') in 0.012721 seconds 
========================================================================
Received Import Request.
  Time since last request: 0.000233 seconds.
  path: Assets/Mega Bot Areas/Pixel Art/Under Pipes Area/tileset.png
  artifactKey: Guid(f29b820a2b25d49f8898f1bffb30f70a) Importer(815301076,1909f56bfc062723c751e8b465ee728b)
Start importing Assets/Mega Bot Areas/Pixel Art/Under Pipes Area/tileset.png using Guid(f29b820a2b25d49f8898f1bffb30f70a) Importer(815301076,1909f56bfc062723c751e8b465ee728b)  -> (artifact id: '05623caaa911a550f5455b521e426d31') in 0.014265 seconds 
========================================================================
Received Import Request.
  Time since last request: 36.847944 seconds.
  path: Assets/Mega Bot Areas/Pixel Art/Pipes forest/tileset.png
  artifactKey: Guid(7cccb3f961c324d2aaf93dbe197b1027) Importer(815301076,1909f56bfc062723c751e8b465ee728b)
Start importing Assets/Mega Bot Areas/Pixel Art/Pipes forest/tileset.png using Guid(7cccb3f961c324d2aaf93dbe197b1027) Importer(815301076,1909f56bfc062723c751e8b465ee728b)  -> (artifact id: '010eff29b67f803d9331c32b68f8d53a') in 0.010090 seconds 
========================================================================
Received Import Request.
  Time since last request: 50.628668 seconds.
  path: Assets/Mega Bot Areas/Pixel Art/Pipes forest/tileset.png
  artifactKey: Guid(7cccb3f961c324d2aaf93dbe197b1027) Importer(815301076,1909f56bfc062723c751e8b465ee728b)
Start importing Assets/Mega Bot Areas/Pixel Art/Pipes forest/tileset.png using Guid(7cccb3f961c324d2aaf93dbe197b1027) Importer(815301076,1909f56bfc062723c751e8b465ee728b)  -> (artifact id: '19b6b2f99fa0236a5c19a556355655ca') in 0.039538 seconds 
========================================================================
Received Import Request.
  Time since last request: 21.860657 seconds.
  path: Assets/Mega Bot Areas/Pixel Art/Pipes forest/background.png
  artifactKey: Guid(2049f89d97a16468b9b8bbdf4f8ce565) Importer(815301076,1909f56bfc062723c751e8b465ee728b)
Start importing Assets/Mega Bot Areas/Pixel Art/Pipes forest/background.png using Guid(2049f89d97a16468b9b8bbdf4f8ce565) Importer(815301076,1909f56bfc062723c751e8b465ee728b)  -> (artifact id: 'b211fb0182cc90aa8daea3fbfb08717d') in 0.010567 seconds 
========================================================================
Received Import Request.
  Time since last request: 12.418137 seconds.
  path: Assets/Mega Bot Areas/Pixel Art/Pipes forest/background.png
  artifactKey: Guid(2049f89d97a16468b9b8bbdf4f8ce565) Importer(815301076,1909f56bfc062723c751e8b465ee728b)
Start importing Assets/Mega Bot Areas/Pixel Art/Pipes forest/background.png using Guid(2049f89d97a16468b9b8bbdf4f8ce565) Importer(815301076,1909f56bfc062723c751e8b465ee728b)  -> (artifact id: '0cb1cd3fa94355735a03272f27208cb7') in 0.098942 seconds 
========================================================================
Received Prepare
Registering precompiled user dll's ...
Registered in 0.004648 seconds.
Begin MonoManager ReloadAssembly
Native extension for WindowsStandalone target not found
Refreshing native plugins compatible for Editor in 0.74 ms, found 2 plugins.
Preloading 0 native plugins for Editor in 0.00 ms.
Mono: successfully reloaded assembly
- Completed reload, in  1.073 seconds
Platform modules already initialized, skipping
Refreshing native plugins compatible for Editor in 0.71 ms, found 2 plugins.
Preloading 0 native plugins for Editor in 0.00 ms.
Unloading 3364 Unused Serialized files (Serialized files now loaded: 0)
System memory in use before: 134.5 MB.
System memory in use after: 134.7 MB.

Unloading 17 unused Assets to reduce memory usage. Loaded Objects now: 3950.
Total: 2.777300 ms (FindLiveObjects: 0.292700 ms CreateObjectMapping: 0.086300 ms MarkObjects: 2.287600 ms  DeleteObjects: 0.109000 ms)

========================================================================
Received Prepare
Registering precompiled user dll's ...
Registered in 0.004515 seconds.
Begin MonoManager ReloadAssembly
Native extension for WindowsStandalone target not found
Refreshing native plugins compatible for Editor in 0.70 ms, found 2 plugins.
Preloading 0 native plugins for Editor in 0.00 ms.
Mono: successfully reloaded assembly
- Completed reload, in  1.327 seconds
Platform modules already initialized, skipping
Refreshing native plugins compatible for Editor in 0.67 ms, found 2 plugins.
Preloading 0 native plugins for Editor in 0.00 ms.
Unloading 3360 Unused Serialized files (Serialized files now loaded: 0)
System memory in use before: 134.4 MB.
System memory in use after: 134.5 MB.

Unloading 17 unused Assets to reduce memory usage. Loaded Objects now: 3954.
Total: 2.907200 ms (FindLiveObjects: 0.323600 ms CreateObjectMapping: 0.103300 ms MarkObjects: 2.361000 ms  DeleteObjects: 0.118200 ms)

AssetImportWorkerClient::OnTransportError - code=2 error=End of file
